<?xml version="1.0" encoding="UTF-8"?>
<!-- Generated by org.testng.reporters.JUnitReportReporter -->
<testsuite hostname="EPINBANW029C" failures="0" tests="2" name="testcases.MyfirstTestCaseFW" time="55.305" errors="0" timestamp="2024-12-29T23:52:29 IST" skipped="0">
  <testcase classname="testcases.MyfirstTestCaseFW" name="LoginTest" time="26.827"/>
  <testcase classname="testcases.MyfirstTestCaseFW" name="LoginTest" time="28.478"/>
</testsuite> <!-- testcases.MyfirstTestCaseFW -->
